<?xml version="1.0" encoding="UTF-8"?>
<!-- Generated by org.testng.reporters.JUnitXMLReporter -->
<testsuite ignored="0" hostname="DESKTOP-HH8PPS6" failures="1" tests="1" name="Test" time="1.453" errors="0" timestamp="2024-04-13T20:35:15 IST">
  <testcase classname="com.restA.RapidAPI3" name="mainTest" time="1.406">
    <failure type="java.lang.NullPointerException" message="Cannot invoke &amp;quot;String.equals(Object)&amp;quot; because &amp;quot;com.restA.RapidAPI3.lastValueString&amp;quot; is null">
      <![CDATA[java.lang.NullPointerException: Cannot invoke "String.equals(Object)" because "com.restA.RapidAPI3.lastValueString" is null
at com.restA.RapidAPI3.getResponsemethod(RapidAPI3.java:83)
at com.restA.RapidAPI3.mainTest(RapidAPI3.java:46)
at java.base/java.util.ArrayList.forEach(ArrayList.java:1511)
... Removed 27 stack frames]]>
    </failure>
  </testcase> <!-- mainTest -->
</testsuite> <!-- Test -->
