<?xml version="1.0" encoding="UTF-8"?>
<testsuite xmlns:xsi="http://www.w3.org/2001/XMLSchema-instance" xsi:noNamespaceSchemaLocation="https://maven.apache.org/surefire/maven-surefire-plugin/xsd/surefire-test-report-3.0.xsd" version="3.0" name="TestSuite" time="7.559" tests="1" errors="0" skipped="0" failures="0">
  <properties>
[...]
</properties>
  <testcase name="test1" classname="com.restA.GetresponseDemo" time="6.888">
    <system-out><![CDATA[Mutual fund name is -->UTI Nifty 200
fundhouse Body is: 14-12-2023
fundhouse Body is: 18.67910
Mutual fund name is -->ICICI Bharat
fundhouse Body is: 14-12-2023
fundhouse Body is: 25.62510
Mutual fund name is -->Quant Small Cap
fundhouse Body is: 14-12-2023
fundhouse Body is: 219.41180
Mutual fund name is -->SBI 
fundhouse Body is: 14-12-2023
fundhouse Body is: 14.87020
Mutual fund name is -->ICICI Small Cap
fundhouse Body is: 14-12-2023
fundhouse Body is: 80.51000
]]></system-out>
    <system-err><![CDATA[SLF4J: Failed to load class "org.slf4j.impl.StaticLoggerBinder".
SLF4J: Defaulting to no-operation (NOP) logger implementation
SLF4J: See http://www.slf4j.org/codes.html#StaticLoggerBinder for further details.
ERROR StatusLogger Log4j2 could not find a logging implementation. Please add log4j-core to the classpath. Using SimpleLogger to log to the console...
]]></system-err>
  </testcase>
</testsuite>