<?xml version="1.0" encoding="UTF-8"?>
<testng-results ignored="0" total="1" passed="1" failed="0" skipped="0">
  <reporter-output>
  </reporter-output>
  <suite started-at="2023-12-18T14:19:00 IST" name="Suite" finished-at="2023-12-18T14:19:12 IST" duration-ms="12025">
    <groups>
    </groups>
    <test started-at="2023-12-18T14:19:00 IST" name="Test" finished-at="2023-12-18T14:19:12 IST" duration-ms="12025">
      <class name="com.restA.GoogleMFAPI">
        <test-method signature="mainTest()[pri:0, instance:com.restA.GoogleMFAPI@3a44431a]" started-at="2023-12-18T14:19:00 IST" name="mainTest" finished-at="2023-12-18T14:19:12 IST" duration-ms="11961" status="PASS">
          <reporter-output>
          </reporter-output>
        </test-method> <!-- mainTest -->
      </class> <!-- com.restA.GoogleMFAPI -->
    </test> <!-- Test -->
  </suite> <!-- Suite -->
</testng-results>
